info it worked if it ends with ok
verbose cli [ 'node', '/usr/bin/npm', 'install', 'utils' ]
info using npm@1.0.106
info using node@v0.4.9
verbose config file /home/quinn/.npmrc
verbose config file /usr/etc/npmrc
verbose config file /usr/lib/node_modules/npm/npmrc
silly testEngine { name: 'socket.io',
silly testEngine   version: '0.9.6',
silly testEngine   description: 'Real-time apps made cross-browser & easy with a WebSocket-like API',
silly testEngine   homepage: 'http://socket.io',
silly testEngine   keywords: 
silly testEngine    [ 'websocket',
silly testEngine      'socket',
silly testEngine      'realtime',
silly testEngine      'socket.io',
silly testEngine      'comet',
silly testEngine      'ajax' ],
silly testEngine   author: 
silly testEngine    { name: 'Guillermo Rauch',
silly testEngine      email: 'guillermo@learnboost.com' },
silly testEngine   contributors: 
silly testEngine    [ { name: 'Guillermo Rauch', email: 'rauchg@gmail.com' },
silly testEngine      { name: 'Arnout Kazemier',
silly testEngine        email: 'info@3rd-eden.com' },
silly testEngine      { name: 'Vladimir Dronnikov',
silly testEngine        email: 'dronnikov@gmail.com' },
silly testEngine      { name: 'Einar Otto Stangvik',
silly testEngine        email: 'einaros@gmail.com' } ],
silly testEngine   repository: 
silly testEngine    { type: 'git',
silly testEngine      url: 'git://github.com/LearnBoost/socket.io.git' },
silly testEngine   dependencies: 
silly testEngine    { 'socket.io-client': '0.9.6',
silly testEngine      policyfile: '0.0.4',
silly testEngine      redis: '0.6.7' },
silly testEngine   devDependencies: 
silly testEngine    { expresso: '0.9.2',
silly testEngine      should: '0.0.4',
silly testEngine      benchmark: '0.2.2',
silly testEngine      microtime: '0.1.3-1',
silly testEngine      colors: '0.5.1' },
silly testEngine   main: 'index',
silly testEngine   engines: { node: '>= 0.4.0' },
silly testEngine   scripts: { test: 'make test' },
silly testEngine   _id: 'socket.io@0.9.6',
silly testEngine   _engineSupported: true,
silly testEngine   _npmVersion: '1.0.106',
silly testEngine   _nodeVersion: 'v0.4.9',
silly testEngine   _defaultsLoaded: true }
verbose caching /home/quinn/Documents/tweet-svm/app/node_modules/socket.io/package.json
verbose loadDefaults socket.io@0.9.6
silly testEngine { name: 'redis',
silly testEngine   version: '0.7.1',
silly testEngine   description: 'Redis client library',
silly testEngine   author: { name: 'Matt Ranney', email: 'mjr@ranney.com' },
silly testEngine   contributors: 
silly testEngine    [ { name: 'Rick Olson' },
silly testEngine      { name: 'Tim-Smart' },
silly testEngine      { name: 'TJ Holowaychuk' },
silly testEngine      { name: 'Orion Henry' },
silly testEngine      { name: 'Hank Sims' },
silly testEngine      { name: 'Aivo Paas' },
silly testEngine      { name: 'Paul Carey' },
silly testEngine      { name: 'Pieter Noordhuis' },
silly testEngine      { name: 'Andy Ray' },
silly testEngine      { name: 'Vladimir Dronnikov' },
silly testEngine      { name: 'Dave Hoover' } ],
silly testEngine   main: './index.js',
silly testEngine   scripts: { test: 'node ./test.js' },
silly testEngine   devDependencies: { metrics: '>=0.1.5' },
silly testEngine   repository: 
silly testEngine    { type: 'git',
silly testEngine      url: 'git://github.com/mranney/node_redis.git' },
silly testEngine   _id: 'redis@0.7.1',
silly testEngine   dependencies: {},
silly testEngine   engines: { node: '*' },
silly testEngine   _engineSupported: true,
silly testEngine   _npmVersion: '1.0.106',
silly testEngine   _nodeVersion: 'v0.4.9',
silly testEngine   _defaultsLoaded: true }
verbose caching /home/quinn/Documents/tweet-svm/app/node_modules/redis/package.json
verbose loadDefaults redis@0.7.1
silly testEngine { name: 'express',
silly testEngine   description: 'Sinatra inspired web development framework',
silly testEngine   version: '2.5.9',
silly testEngine   author: 
silly testEngine    { name: 'TJ Holowaychuk',
silly testEngine      email: 'tj@vision-media.ca' },
silly testEngine   contributors: 
silly testEngine    [ { name: 'TJ Holowaychuk',
silly testEngine        email: 'tj@vision-media.ca' },
silly testEngine      { name: 'Aaron Heckmann',
silly testEngine        email: 'aaron.heckmann+github@gmail.com' },
silly testEngine      { name: 'Ciaran Jessup', email: 'ciaranj@gmail.com' },
silly testEngine      { name: 'Guillermo Rauch', email: 'rauchg@gmail.com' } ],
silly testEngine   dependencies: 
silly testEngine    { connect: '1.x',
silly testEngine      mime: '1.2.4',
silly testEngine      qs: '0.4.x',
silly testEngine      mkdirp: '0.3.0' },
silly testEngine   devDependencies: 
silly testEngine    { 'connect-form': '0.2.1',
silly testEngine      ejs: '0.4.2',
silly testEngine      expresso: '0.9.2',
silly testEngine      hamljs: '0.6.x',
silly testEngine      jade: '0.16.2',
silly testEngine      stylus: '0.13.0',
silly testEngine      should: '0.3.2',
silly testEngine      'express-messages': '0.0.2',
silly testEngine      'node-markdown': '>= 0.0.1',
silly testEngine      'connect-redis': '>= 0.0.1' },
silly testEngine   keywords: [ 'framework', 'sinatra', 'web', 'rest', 'restful' ],
silly testEngine   repository: 
silly testEngine    { type: 'git',
silly testEngine      url: 'git://github.com/visionmedia/express.git' },
silly testEngine   main: 'index',
silly testEngine   bin: { express: './bin/express' },
silly testEngine   scripts: { test: 'make test', prepublish: 'npm prune' },
silly testEngine   engines: { node: '>= 0.4.1 < 0.7.0' },
silly testEngine   _id: 'express@2.5.9',
silly testEngine   _engineSupported: true,
silly testEngine   _npmVersion: '1.0.106',
silly testEngine   _nodeVersion: 'v0.4.9',
silly testEngine   _defaultsLoaded: true }
verbose caching /home/quinn/Documents/tweet-svm/app/node_modules/express/package.json
verbose loadDefaults express@2.5.9
verbose into /home/quinn/Documents/tweet-svm/app [ 'utils' ]
verbose cache add utils
verbose cache add [ 'utils', null ]
silly cache add: name, spec, args [ undefined, 'utils', [ 'utils', null ] ]
verbose parsed url { pathname: 'utils', href: 'utils' }
info addNamed [ 'utils', '' ]
verbose addNamed [ null, '' ]
verbose GET utils
verbose raw, before any munging utils
verbose url resolving [ 'https://registry.npmjs.org/', './utils' ]
verbose url resolved https://registry.npmjs.org/utils
silly get cb [ 404,
silly get cb   { server: 'CouchDB/1.2.0 (Erlang OTP/R15B)',
silly get cb     date: 'Thu, 19 Apr 2012 20:57:25 GMT',
silly get cb     'content-type': 'application/json',
silly get cb     'content-length': '52',
silly get cb     'cache-control': 'must-revalidate' } ]
ERR! 404 'utils' is not in the npm registry.
ERR! 404 You could maybe bug the author to publish it
ERR! 404 Note that you can also install from a tarball or folder.
ERR! 
ERR! System Linux 3.0.0-15-generic
ERR! command "node" "/usr/bin/npm" "install" "utils"
ERR! cwd /home/quinn/Documents/tweet-svm/app
ERR! node -v v0.4.9
ERR! npm -v 1.0.106
ERR! code E404
verbose exit [ 1, true ]
